<?xml version="1.0" encoding="UTF-8"?>
<coverage generated="1774792872944" clover="3.2.0">
  <project timestamp="1774792872944" name="All files">
    <metrics statements="198" coveredstatements="180" conditionals="183" coveredconditionals="168" methods="77" coveredmethods="71" elements="458" coveredelements="419" complexity="0" loc="198" ncloc="198" packages="1" files="3" classes="3"/>
    <file name="ExplorePage.jsx" path="D:\Internship\Fraylon-frontend\Fraylon-frontend\src\components\ExplorePage.jsx">
      <metrics statements="16" coveredstatements="16" conditionals="2" coveredconditionals="2" methods="7" coveredmethods="7"/>
      <line num="5" count="1" type="stmt"/>
      <line num="131" count="1" type="stmt"/>
      <line num="138" count="25" type="stmt"/>
      <line num="139" count="25" type="stmt"/>
      <line num="141" count="25" type="stmt"/>
      <line num="142" count="25" type="stmt"/>
      <line num="145" count="25" type="stmt"/>
      <line num="147" count="25" type="cond" truecount="2" falsecount="0"/>
      <line num="148" count="2" type="stmt"/>
      <line num="152" count="1" type="stmt"/>
      <line num="162" count="23" type="stmt"/>
      <line num="164" count="23" type="stmt"/>
      <line num="170" count="1" type="stmt"/>
      <line num="227" count="384" type="stmt"/>
      <line num="234" count="1" type="stmt"/>
      <line num="238" count="1" type="stmt"/>
    </file>
    <file name="RegisterPage.jsx" path="D:\Internship\Fraylon-frontend\Fraylon-frontend\src\components\RegisterPage.jsx">
      <metrics statements="110" coveredstatements="100" conditionals="167" coveredconditionals="159" methods="53" coveredmethods="48"/>
      <line num="7" count="1" type="stmt"/>
      <line num="9" count="1" type="cond" truecount="1" falsecount="0"/>
      <line num="10" count="351" type="stmt"/>
      <line num="31" count="1" type="stmt"/>
      <line num="32" count="1" type="stmt"/>
      <line num="35" count="1" type="cond" truecount="1" falsecount="1"/>
      <line num="36" count="1" type="cond" truecount="1" falsecount="1"/>
      <line num="44" count="1" type="stmt"/>
      <line num="45" count="4" type="stmt"/>
      <line num="110" count="1" type="stmt"/>
      <line num="111" count="1" type="stmt"/>
      <line num="114" count="1" type="stmt"/>
      <line num="115" count="1" type="stmt"/>
      <line num="124" count="151" type="stmt"/>
      <line num="125" count="151" type="stmt"/>
      <line num="126" count="151" type="stmt"/>
      <line num="127" count="151" type="stmt"/>
      <line num="128" count="151" type="stmt"/>
      <line num="129" count="151" type="stmt"/>
      <line num="131" count="151" type="stmt"/>
      <line num="142" count="151" type="stmt"/>
      <line num="143" count="64" type="stmt"/>
      <line num="144" count="64" type="stmt"/>
      <line num="147" count="151" type="stmt"/>
      <line num="148" count="2" type="stmt"/>
      <line num="149" count="2" type="stmt"/>
      <line num="150" count="2" type="stmt"/>
      <line num="153" count="151" type="stmt"/>
      <line num="154" count="2" type="cond" truecount="1" falsecount="1"/>
      <line num="155" count="2" type="stmt"/>
      <line num="158" count="151" type="stmt"/>
      <line num="159" count="1" type="stmt"/>
      <line num="161" count="2" type="stmt"/>
      <line num="165" count="151" type="stmt"/>
      <line num="166" count="37" type="stmt"/>
      <line num="167" count="37" type="cond" truecount="4" falsecount="0"/>
      <line num="168" count="1" type="stmt"/>
      <line num="169" count="37" type="cond" truecount="2" falsecount="0"/>
      <line num="170" count="14" type="cond" truecount="4" falsecount="0"/>
      <line num="171" count="14" type="cond" truecount="2" falsecount="0"/>
      <line num="172" count="14" type="cond" truecount="2" falsecount="0"/>
      <line num="173" count="14" type="cond" truecount="2" falsecount="0"/>
      <line num="174" count="13" type="cond" truecount="2" falsecount="0"/>
      <line num="175" count="14" type="cond" truecount="2" falsecount="0"/>
      <line num="177" count="37" type="cond" truecount="4" falsecount="0"/>
      <line num="178" count="1" type="stmt"/>
      <line num="179" count="1" type="cond" truecount="1" falsecount="1"/>
      <line num="180" count="1" type="cond" truecount="1" falsecount="1"/>
      <line num="181" count="0" type="cond" truecount="0" falsecount="2"/>
      <line num="184" count="37" type="cond" truecount="2" falsecount="0"/>
      <line num="185" count="4" type="cond" truecount="2" falsecount="0"/>
      <line num="186" count="4" type="cond" truecount="2" falsecount="0"/>
      <line num="188" count="37" type="stmt"/>
      <line num="191" count="151" type="stmt"/>
      <line num="192" count="33" type="stmt"/>
      <line num="193" count="33" type="cond" truecount="2" falsecount="0"/>
      <line num="194" count="29" type="stmt"/>
      <line num="195" count="29" type="cond" truecount="4" falsecount="0"/>
      <line num="196" count="23" type="stmt"/>
      <line num="199" count="151" type="stmt"/>
      <line num="200" count="2" type="stmt"/>
      <line num="201" count="2" type="cond" truecount="4" falsecount="0"/>
      <line num="202" count="1" type="stmt"/>
      <line num="205" count="151" type="stmt"/>
      <line num="206" count="4" type="stmt"/>
      <line num="207" count="4" type="cond" truecount="2" falsecount="0"/>
      <line num="208" count="3" type="stmt"/>
      <line num="211" count="151" type="cond" truecount="2" falsecount="0"/>
      <line num="215" count="151" type="cond" truecount="2" falsecount="0"/>
      <line num="219" count="151" type="stmt"/>
      <line num="220" count="54" type="cond" truecount="2" falsecount="0"/>
      <line num="222" count="62" type="cond" truecount="2" falsecount="0"/>
      <line num="225" count="151" type="stmt"/>
      <line num="227" count="147" type="cond" truecount="2" falsecount="0"/>
      <line num="252" count="86" type="stmt"/>
      <line num="255" count="18" type="stmt"/>
      <line num="337" count="258" type="stmt"/>
      <line num="362" count="104" type="cond" truecount="2" falsecount="0"/>
      <line num="370" count="6" type="stmt"/>
      <line num="379" count="13" type="stmt"/>
      <line num="394" count="13" type="stmt"/>
      <line num="403" count="13" type="stmt"/>
      <line num="412" count="13" type="stmt"/>
      <line num="419" count="25" type="cond" truecount="2" falsecount="0"/>
      <line num="425" count="14" type="stmt"/>
      <line num="447" count="1" type="stmt"/>
      <line num="460" count="1" type="stmt"/>
      <line num="473" count="1" type="stmt"/>
      <line num="500" count="13" type="cond" truecount="1" falsecount="1"/>
      <line num="508" count="3" type="stmt"/>
      <line num="516" count="65" type="stmt"/>
      <line num="527" count="3" type="stmt"/>
      <line num="541" count="151" type="stmt"/>
      <line num="603" count="0" type="stmt"/>
      <line num="606" count="1" type="stmt"/>
      <line num="607" count="1" type="stmt"/>
      <line num="632" count="1" type="stmt"/>
      <line num="685" count="527" type="stmt"/>
      <line num="826" count="0" type="stmt"/>
      <line num="827" count="0" type="stmt"/>
      <line num="830" count="0" type="stmt"/>
      <line num="831" count="0" type="stmt"/>
      <line num="849" count="1" type="stmt"/>
      <line num="850" count="1" type="stmt"/>
      <line num="853" count="1" type="stmt"/>
      <line num="854" count="1" type="stmt"/>
      <line num="871" count="0" type="stmt"/>
      <line num="872" count="0" type="stmt"/>
      <line num="875" count="0" type="stmt"/>
      <line num="876" count="0" type="stmt"/>
    </file>
    <file name="ThemesSection.jsx" path="D:\Internship\Fraylon-frontend\Fraylon-frontend\src\components\ThemesSection.jsx">
      <metrics statements="72" coveredstatements="64" conditionals="14" coveredconditionals="7" methods="17" coveredmethods="16"/>
      <line num="5" count="2" type="stmt"/>
      <line num="48" count="2" type="stmt"/>
      <line num="49" count="555" type="stmt"/>
      <line num="50" count="555" type="stmt"/>
      <line num="52" count="555" type="stmt"/>
      <line num="91" count="15" type="stmt"/>
      <line num="100" count="1" type="stmt"/>
      <line num="102" count="1" type="stmt"/>
      <line num="103" count="1" type="stmt"/>
      <line num="106" count="1" type="stmt"/>
      <line num="107" count="1" type="stmt"/>
      <line num="108" count="1" type="stmt"/>
      <line num="119" count="2" type="stmt"/>
      <line num="120" count="22" type="stmt"/>
      <line num="121" count="22" type="stmt"/>
      <line num="122" count="22" type="stmt"/>
      <line num="123" count="22" type="stmt"/>
      <line num="125" count="22" type="stmt"/>
      <line num="126" count="22" type="stmt"/>
      <line num="127" count="22" type="stmt"/>
      <line num="129" count="22" type="stmt"/>
      <line num="131" count="22" type="stmt"/>
      <line num="132" count="0" type="stmt"/>
      <line num="133" count="0" type="cond" truecount="0" falsecount="2"/>
      <line num="135" count="0" type="cond" truecount="0" falsecount="2"/>
      <line num="136" count="0" type="stmt"/>
      <line num="137" count="0" type="stmt"/>
      <line num="139" count="0" type="cond" truecount="0" falsecount="2"/>
      <line num="140" count="0" type="stmt"/>
      <line num="144" count="0" type="stmt"/>
      <line num="147" count="22" type="stmt"/>
      <line num="148" count="22" type="stmt"/>
      <line num="149" count="22" type="cond" truecount="1" falsecount="1"/>
      <line num="151" count="22" type="stmt"/>
      <line num="152" count="22" type="stmt"/>
      <line num="154" count="22" type="stmt"/>
      <line num="156" count="22" type="stmt"/>
      <line num="159" count="22" type="stmt"/>
      <line num="160" count="3" type="stmt"/>
      <line num="163" count="22" type="stmt"/>
      <line num="164" count="4" type="stmt"/>
      <line num="165" count="4" type="stmt"/>
      <line num="166" count="4" type="stmt"/>
      <line num="167" count="4" type="stmt"/>
      <line num="168" count="4" type="stmt"/>
      <line num="171" count="22" type="stmt"/>
      <line num="172" count="3" type="cond" truecount="2" falsecount="0"/>
      <line num="173" count="2" type="stmt"/>
      <line num="174" count="2" type="stmt"/>
      <line num="177" count="22" type="stmt"/>
      <line num="178" count="1" type="stmt"/>
      <line num="179" count="1" type="stmt"/>
      <line num="180" count="1" type="stmt"/>
      <line num="183" count="22" type="stmt"/>
      <line num="184" count="3" type="cond" truecount="2" falsecount="0"/>
      <line num="185" count="1" type="stmt"/>
      <line num="186" count="1" type="stmt"/>
      <line num="188" count="3" type="stmt"/>
      <line num="191" count="22" type="stmt"/>
      <line num="192" count="3" type="stmt"/>
      <line num="193" count="3" type="stmt"/>
      <line num="194" count="3" type="stmt"/>
      <line num="195" count="3" type="stmt"/>
      <line num="198" count="22" type="stmt"/>
      <line num="199" count="3" type="cond" truecount="2" falsecount="0"/>
      <line num="200" count="2" type="stmt"/>
      <line num="201" count="2" type="stmt"/>
      <line num="204" count="22" type="stmt"/>
      <line num="205" count="1" type="stmt"/>
      <line num="206" count="1" type="stmt"/>
      <line num="209" count="22" type="stmt"/>
      <line num="244" count="330" type="stmt"/>
    </file>
  </project>
</coverage>
