{"D:\\Internship\\Fraylon-frontend\\Fraylon-frontend\\src\\components\\ExplorePage.jsx": {"path":"D:\\Internship\\Fraylon-frontend\\Fraylon-frontend\\src\\components\\ExplorePage.jsx","statementMap":{"0":{"start":{"line":5,"column":18},"end":{"line":129,"column":1}},"1":{"start":{"line":131,"column":24},"end":{"line":135,"column":1}},"2":{"start":{"line":138,"column":19},"end":{"line":138,"column":30}},"3":{"start":{"line":139,"column":19},"end":{"line":139,"column":32}},"4":{"start":{"line":141,"column":2},"end":{"line":143,"column":13}},"5":{"start":{"line":142,"column":4},"end":{"line":142,"column":26}},"6":{"start":{"line":145,"column":16},"end":{"line":145,"column":31}},"7":{"start":{"line":147,"column":2},"end":{"line":160,"column":3}},"8":{"start":{"line":148,"column":4},"end":{"line":159,"column":6}},"9":{"start":{"line":152,"column":25},"end":{"line":152,"column":38}},"10":{"start":{"line":162,"column":15},"end":{"line":162,"column":25}},"11":{"start":{"line":164,"column":2},"end":{"line":289,"column":4}},"12":{"start":{"line":170,"column":25},"end":{"line":170,"column":38}},"13":{"start":{"line":227,"column":12},"end":{"line":283,"column":6}},"14":{"start":{"line":234,"column":4},"end":{"line":235,"column":103}},"15":{"start":{"line":238,"column":4},"end":{"line":238,"column":45}}},"fnMap":{"0":{"name":"ExplorePage","decl":{"start":{"line":137,"column":24},"end":{"line":137,"column":35}},"loc":{"start":{"line":137,"column":38},"end":{"line":290,"column":1}},"line":137},"1":{"name":"(anonymous_1)","decl":{"start":{"line":141,"column":12},"end":{"line":141,"column":13}},"loc":{"start":{"line":141,"column":18},"end":{"line":143,"column":3}},"line":141},"2":{"name":"(anonymous_2)","decl":{"start":{"line":152,"column":19},"end":{"line":152,"column":20}},"loc":{"start":{"line":152,"column":25},"end":{"line":152,"column":38}},"line":152},"3":{"name":"(anonymous_3)","decl":{"start":{"line":170,"column":19},"end":{"line":170,"column":20}},"loc":{"start":{"line":170,"column":25},"end":{"line":170,"column":38}},"line":170},"4":{"name":"(anonymous_4)","decl":{"start":{"line":226,"column":39},"end":{"line":226,"column":40}},"loc":{"start":{"line":227,"column":12},"end":{"line":283,"column":6}},"line":227},"5":{"name":"(anonymous_5)","decl":{"start":{"line":233,"column":16},"end":{"line":233,"column":17}},"loc":{"start":{"line":233,"column":21},"end":{"line":236,"column":3}},"line":233},"6":{"name":"(anonymous_6)","decl":{"start":{"line":237,"column":16},"end":{"line":237,"column":17}},"loc":{"start":{"line":237,"column":21},"end":{"line":239,"column":3}},"line":237}},"branchMap":{"0":{"loc":{"start":{"line":147,"column":2},"end":{"line":160,"column":3}},"type":"if","locations":[{"start":{"line":147,"column":2},"end":{"line":160,"column":3}},{"start":{},"end":{}}],"line":147}},"s":{"0":1,"1":1,"2":25,"3":25,"4":25,"5":25,"6":25,"7":25,"8":2,"9":1,"10":23,"11":23,"12":1,"13":384,"14":1,"15":1},"f":{"0":25,"1":25,"2":1,"3":1,"4":384,"5":1,"6":1},"b":{"0":[2,23]},"_coverageSchema":"1a1c01bbd47fc00a2c39e90264f33305004495a9","hash":"13562577f7429ca58daa3bbd5c8e7c2404172756"}
,"D:\\Internship\\Fraylon-frontend\\Fraylon-frontend\\src\\components\\RegisterPage.jsx": {"path":"D:\\Internship\\Fraylon-frontend\\Fraylon-frontend\\src\\components\\RegisterPage.jsx","statementMap":{"0":{"start":{"line":7,"column":14},"end":{"line":7,"column":69}},"1":{"start":{"line":9,"column":19},"end":{"line":41,"column":1}},"2":{"start":{"line":10,"column":2},"end":{"line":40,"column":8}},"3":{"start":{"line":31,"column":8},"end":{"line":31,"column":65}},"4":{"start":{"line":32,"column":8},"end":{"line":32,"column":107}},"5":{"start":{"line":35,"column":8},"end":{"line":35,"column":104}},"6":{"start":{"line":36,"column":8},"end":{"line":36,"column":85}},"7":{"start":{"line":44,"column":22},"end":{"line":121,"column":1}},"8":{"start":{"line":45,"column":2},"end":{"line":120,"column":15}},"9":{"start":{"line":110,"column":8},"end":{"line":110,"column":106}},"10":{"start":{"line":111,"column":8},"end":{"line":111,"column":56}},"11":{"start":{"line":114,"column":8},"end":{"line":114,"column":49}},"12":{"start":{"line":115,"column":8},"end":{"line":115,"column":53}},"13":{"start":{"line":124,"column":19},"end":{"line":124,"column":32}},"14":{"start":{"line":125,"column":26},"end":{"line":125,"column":37}},"15":{"start":{"line":126,"column":52},"end":{"line":126,"column":66}},"16":{"start":{"line":127,"column":30},"end":{"line":127,"column":42}},"17":{"start":{"line":128,"column":36},"end":{"line":128,"column":51}},"18":{"start":{"line":129,"column":36},"end":{"line":129,"column":47}},"19":{"start":{"line":131,"column":26},"end":{"line":140,"column":4}},"20":{"start":{"line":142,"column":17},"end":{"line":145,"column":3}},"21":{"start":{"line":143,"column":4},"end":{"line":143,"column":53}},"22":{"start":{"line":143,"column":23},"end":{"line":143,"column":50}},"23":{"start":{"line":144,"column":4},"end":{"line":144,"column":52}},"24":{"start":{"line":144,"column":25},"end":{"line":144,"column":49}},"25":{"start":{"line":147,"column":23},"end":{"line":151,"column":3}},"26":{"start":{"line":148,"column":20},"end":{"line":148,"column":37}},"27":{"start":{"line":149,"column":4},"end":{"line":149,"column":34}},"28":{"start":{"line":150,"column":4},"end":{"line":150,"column":55}},"29":{"start":{"line":150,"column":23},"end":{"line":150,"column":52}},"30":{"start":{"line":153,"column":20},"end":{"line":156,"column":3}},"31":{"start":{"line":154,"column":4},"end":{"line":155,"column":92}},"32":{"start":{"line":155,"column":6},"end":{"line":155,"column":92}},"33":{"start":{"line":155,"column":25},"end":{"line":155,"column":89}},"34":{"start":{"line":158,"column":23},"end":{"line":163,"column":3}},"35":{"start":{"line":159,"column":4},"end":{"line":162,"column":8}},"36":{"start":{"line":159,"column":23},"end":{"line":162,"column":5}},"37":{"start":{"line":161,"column":45},"end":{"line":161,"column":56}},"38":{"start":{"line":165,"column":19},"end":{"line":189,"column":3}},"39":{"start":{"line":166,"column":14},"end":{"line":166,"column":16}},"40":{"start":{"line":167,"column":4},"end":{"line":168,"column":66}},"41":{"start":{"line":168,"column":6},"end":{"line":168,"column":66}},"42":{"start":{"line":169,"column":4},"end":{"line":176,"column":5}},"43":{"start":{"line":170,"column":6},"end":{"line":170,"column":103}},"44":{"start":{"line":170,"column":65},"end":{"line":170,"column":103}},"45":{"start":{"line":171,"column":6},"end":{"line":171,"column":81}},"46":{"start":{"line":171,"column":32},"end":{"line":171,"column":81}},"47":{"start":{"line":172,"column":6},"end":{"line":172,"column":77}},"48":{"start":{"line":172,"column":35},"end":{"line":172,"column":77}},"49":{"start":{"line":173,"column":6},"end":{"line":174,"column":94}},"50":{"start":{"line":173,"column":36},"end":{"line":173,"column":80}},"51":{"start":{"line":174,"column":11},"end":{"line":174,"column":94}},"52":{"start":{"line":174,"column":55},"end":{"line":174,"column":94}},"53":{"start":{"line":175,"column":6},"end":{"line":175,"column":80}},"54":{"start":{"line":175,"column":36},"end":{"line":175,"column":80}},"55":{"start":{"line":177,"column":4},"end":{"line":183,"column":5}},"56":{"start":{"line":178,"column":6},"end":{"line":182,"column":9}},"57":{"start":{"line":179,"column":8},"end":{"line":179,"column":72}},"58":{"start":{"line":179,"column":28},"end":{"line":179,"column":72}},"59":{"start":{"line":180,"column":8},"end":{"line":181,"column":96}},"60":{"start":{"line":180,"column":29},"end":{"line":180,"column":75}},"61":{"start":{"line":181,"column":13},"end":{"line":181,"column":96}},"62":{"start":{"line":181,"column":48},"end":{"line":181,"column":96}},"63":{"start":{"line":184,"column":4},"end":{"line":187,"column":5}},"64":{"start":{"line":185,"column":6},"end":{"line":185,"column":58}},"65":{"start":{"line":185,"column":23},"end":{"line":185,"column":58}},"66":{"start":{"line":186,"column":6},"end":{"line":186,"column":89}},"67":{"start":{"line":186,"column":36},"end":{"line":186,"column":89}},"68":{"start":{"line":188,"column":4},"end":{"line":188,"column":13}},"69":{"start":{"line":191,"column":15},"end":{"line":197,"column":3}},"70":{"start":{"line":192,"column":14},"end":{"line":192,"column":24}},"71":{"start":{"line":193,"column":4},"end":{"line":193,"column":60}},"72":{"start":{"line":193,"column":37},"end":{"line":193,"column":50}},"73":{"start":{"line":193,"column":51},"end":{"line":193,"column":58}},"74":{"start":{"line":194,"column":4},"end":{"line":194,"column":20}},"75":{"start":{"line":195,"column":4},"end":{"line":195,"column":75}},"76":{"start":{"line":195,"column":54},"end":{"line":195,"column":65}},"77":{"start":{"line":195,"column":66},"end":{"line":195,"column":73}},"78":{"start":{"line":196,"column":4},"end":{"line":196,"column":54}},"79":{"start":{"line":196,"column":19},"end":{"line":196,"column":52}},"80":{"start":{"line":199,"column":15},"end":{"line":203,"column":3}},"81":{"start":{"line":200,"column":4},"end":{"line":200,"column":21}},"82":{"start":{"line":201,"column":4},"end":{"line":201,"column":75}},"83":{"start":{"line":201,"column":54},"end":{"line":201,"column":65}},"84":{"start":{"line":201,"column":66},"end":{"line":201,"column":73}},"85":{"start":{"line":202,"column":4},"end":{"line":202,"column":39}},"86":{"start":{"line":202,"column":19},"end":{"line":202,"column":37}},"87":{"start":{"line":205,"column":23},"end":{"line":209,"column":3}},"88":{"start":{"line":206,"column":14},"end":{"line":206,"column":24}},"89":{"start":{"line":207,"column":4},"end":{"line":207,"column":60}},"90":{"start":{"line":207,"column":37},"end":{"line":207,"column":50}},"91":{"start":{"line":207,"column":51},"end":{"line":207,"column":58}},"92":{"start":{"line":208,"column":4},"end":{"line":208,"column":23}},"93":{"start":{"line":211,"column":23},"end":{"line":213,"column":11}},"94":{"start":{"line":215,"column":23},"end":{"line":217,"column":10}},"95":{"start":{"line":219,"column":24},"end":{"line":223,"column":3}},"96":{"start":{"line":220,"column":21},"end":{"line":220,"column":58}},"97":{"start":{"line":222,"column":20},"end":{"line":222,"column":57}},"98":{"start":{"line":225,"column":21},"end":{"line":539,"column":3}},"99":{"start":{"line":227,"column":4},"end":{"line":359,"column":6}},"100":{"start":{"line":227,"column":20},"end":{"line":359,"column":6}},"101":{"start":{"line":252,"column":4},"end":{"line":355,"column":13}},"102":{"start":{"line":255,"column":23},"end":{"line":255,"column":51}},"103":{"start":{"line":255,"column":52},"end":{"line":255,"column":66}},"104":{"start":{"line":337,"column":10},"end":{"line":352,"column":17}},"105":{"start":{"line":362,"column":4},"end":{"line":416,"column":6}},"106":{"start":{"line":362,"column":20},"end":{"line":416,"column":6}},"107":{"start":{"line":370,"column":29},"end":{"line":370,"column":63}},"108":{"start":{"line":379,"column":27},"end":{"line":379,"column":60}},"109":{"start":{"line":394,"column":27},"end":{"line":394,"column":63}},"110":{"start":{"line":403,"column":27},"end":{"line":403,"column":64}},"111":{"start":{"line":412,"column":27},"end":{"line":412,"column":64}},"112":{"start":{"line":419,"column":4},"end":{"line":497,"column":6}},"113":{"start":{"line":419,"column":20},"end":{"line":497,"column":6}},"114":{"start":{"line":425,"column":10},"end":{"line":482,"column":23}},"115":{"start":{"line":447,"column":33},"end":{"line":447,"column":48}},"116":{"start":{"line":460,"column":35},"end":{"line":460,"column":74}},"117":{"start":{"line":473,"column":35},"end":{"line":473,"column":75}},"118":{"start":{"line":500,"column":4},"end":{"line":538,"column":6}},"119":{"start":{"line":500,"column":20},"end":{"line":538,"column":6}},"120":{"start":{"line":508,"column":29},"end":{"line":508,"column":60}},"121":{"start":{"line":516,"column":14},"end":{"line":516,"column":96}},"122":{"start":{"line":527,"column":29},"end":{"line":527,"column":66}},"123":{"start":{"line":541,"column":2},"end":{"line":892,"column":2}},"124":{"start":{"line":603,"column":25},"end":{"line":603,"column":38}},"125":{"start":{"line":606,"column":29},"end":{"line":606,"column":68}},"126":{"start":{"line":607,"column":29},"end":{"line":607,"column":68}},"127":{"start":{"line":632,"column":39},"end":{"line":632,"column":52}},"128":{"start":{"line":685,"column":16},"end":{"line":742,"column":22}},"129":{"start":{"line":826,"column":26},"end":{"line":826,"column":85}},"130":{"start":{"line":827,"column":26},"end":{"line":827,"column":66}},"131":{"start":{"line":830,"column":26},"end":{"line":830,"column":84}},"132":{"start":{"line":831,"column":26},"end":{"line":831,"column":66}},"133":{"start":{"line":849,"column":26},"end":{"line":849,"column":125}},"134":{"start":{"line":850,"column":26},"end":{"line":850,"column":74}},"135":{"start":{"line":853,"column":26},"end":{"line":853,"column":67}},"136":{"start":{"line":854,"column":26},"end":{"line":854,"column":71}},"137":{"start":{"line":871,"column":26},"end":{"line":871,"column":125}},"138":{"start":{"line":872,"column":26},"end":{"line":872,"column":74}},"139":{"start":{"line":875,"column":26},"end":{"line":875,"column":67}},"140":{"start":{"line":876,"column":26},"end":{"line":876,"column":71}}},"fnMap":{"0":{"name":"(anonymous_0)","decl":{"start":{"line":9,"column":19},"end":{"line":9,"column":20}},"loc":{"start":{"line":10,"column":2},"end":{"line":40,"column":8}},"line":10},"1":{"name":"(anonymous_1)","decl":{"start":{"line":30,"column":15},"end":{"line":30,"column":16}},"loc":{"start":{"line":30,"column":20},"end":{"line":33,"column":7}},"line":30},"2":{"name":"(anonymous_2)","decl":{"start":{"line":34,"column":14},"end":{"line":34,"column":15}},"loc":{"start":{"line":34,"column":19},"end":{"line":37,"column":7}},"line":34},"3":{"name":"(anonymous_3)","decl":{"start":{"line":44,"column":22},"end":{"line":44,"column":23}},"loc":{"start":{"line":45,"column":2},"end":{"line":120,"column":15}},"line":45},"4":{"name":"(anonymous_4)","decl":{"start":{"line":109,"column":20},"end":{"line":109,"column":21}},"loc":{"start":{"line":109,"column":25},"end":{"line":112,"column":7}},"line":109},"5":{"name":"(anonymous_5)","decl":{"start":{"line":113,"column":20},"end":{"line":113,"column":21}},"loc":{"start":{"line":113,"column":25},"end":{"line":116,"column":7}},"line":113},"6":{"name":"HackathonRegisterPage","decl":{"start":{"line":123,"column":24},"end":{"line":123,"column":45}},"loc":{"start":{"line":123,"column":48},"end":{"line":893,"column":1}},"line":123},"7":{"name":"(anonymous_7)","decl":{"start":{"line":142,"column":17},"end":{"line":142,"column":18}},"loc":{"start":{"line":142,"column":35},"end":{"line":145,"column":3}},"line":142},"8":{"name":"(anonymous_8)","decl":{"start":{"line":143,"column":12},"end":{"line":143,"column":13}},"loc":{"start":{"line":143,"column":23},"end":{"line":143,"column":50}},"line":143},"9":{"name":"(anonymous_9)","decl":{"start":{"line":144,"column":14},"end":{"line":144,"column":15}},"loc":{"start":{"line":144,"column":25},"end":{"line":144,"column":49}},"line":144},"10":{"name":"(anonymous_10)","decl":{"start":{"line":147,"column":23},"end":{"line":147,"column":24}},"loc":{"start":{"line":147,"column":48},"end":{"line":151,"column":3}},"line":147},"11":{"name":"(anonymous_11)","decl":{"start":{"line":150,"column":12},"end":{"line":150,"column":13}},"loc":{"start":{"line":150,"column":23},"end":{"line":150,"column":52}},"line":150},"12":{"name":"(anonymous_12)","decl":{"start":{"line":153,"column":20},"end":{"line":153,"column":21}},"loc":{"start":{"line":153,"column":26},"end":{"line":156,"column":3}},"line":153},"13":{"name":"(anonymous_13)","decl":{"start":{"line":155,"column":14},"end":{"line":155,"column":15}},"loc":{"start":{"line":155,"column":25},"end":{"line":155,"column":89}},"line":155},"14":{"name":"(anonymous_14)","decl":{"start":{"line":158,"column":23},"end":{"line":158,"column":24}},"loc":{"start":{"line":158,"column":34},"end":{"line":163,"column":3}},"line":158},"15":{"name":"(anonymous_15)","decl":{"start":{"line":159,"column":12},"end":{"line":159,"column":13}},"loc":{"start":{"line":159,"column":23},"end":{"line":162,"column":5}},"line":159},"16":{"name":"(anonymous_16)","decl":{"start":{"line":161,"column":35},"end":{"line":161,"column":36}},"loc":{"start":{"line":161,"column":45},"end":{"line":161,"column":56}},"line":161},"17":{"name":"(anonymous_17)","decl":{"start":{"line":165,"column":19},"end":{"line":165,"column":20}},"loc":{"start":{"line":165,"column":25},"end":{"line":189,"column":3}},"line":165},"18":{"name":"(anonymous_18)","decl":{"start":{"line":178,"column":27},"end":{"line":178,"column":28}},"loc":{"start":{"line":178,"column":37},"end":{"line":182,"column":7}},"line":178},"19":{"name":"(anonymous_19)","decl":{"start":{"line":191,"column":15},"end":{"line":191,"column":16}},"loc":{"start":{"line":191,"column":21},"end":{"line":197,"column":3}},"line":191},"20":{"name":"(anonymous_20)","decl":{"start":{"line":196,"column":12},"end":{"line":196,"column":13}},"loc":{"start":{"line":196,"column":19},"end":{"line":196,"column":52}},"line":196},"21":{"name":"(anonymous_21)","decl":{"start":{"line":199,"column":15},"end":{"line":199,"column":16}},"loc":{"start":{"line":199,"column":21},"end":{"line":203,"column":3}},"line":199},"22":{"name":"(anonymous_22)","decl":{"start":{"line":202,"column":12},"end":{"line":202,"column":13}},"loc":{"start":{"line":202,"column":19},"end":{"line":202,"column":37}},"line":202},"23":{"name":"(anonymous_23)","decl":{"start":{"line":205,"column":23},"end":{"line":205,"column":24}},"loc":{"start":{"line":205,"column":29},"end":{"line":209,"column":3}},"line":205},"24":{"name":"(anonymous_24)","decl":{"start":{"line":220,"column":11},"end":{"line":220,"column":12}},"loc":{"start":{"line":220,"column":21},"end":{"line":220,"column":58}},"line":220},"25":{"name":"(anonymous_25)","decl":{"start":{"line":222,"column":10},"end":{"line":222,"column":11}},"loc":{"start":{"line":222,"column":20},"end":{"line":222,"column":57}},"line":222},"26":{"name":"(anonymous_26)","decl":{"start":{"line":225,"column":21},"end":{"line":225,"column":22}},"loc":{"start":{"line":225,"column":27},"end":{"line":539,"column":3}},"line":225},"27":{"name":"(anonymous_27)","decl":{"start":{"line":251,"column":8},"end":{"line":251,"column":9}},"loc":{"start":{"line":252,"column":4},"end":{"line":355,"column":13}},"line":252},"28":{"name":"(anonymous_28)","decl":{"start":{"line":255,"column":15},"end":{"line":255,"column":16}},"loc":{"start":{"line":255,"column":21},"end":{"line":255,"column":68}},"line":255},"29":{"name":"(anonymous_29)","decl":{"start":{"line":336,"column":19},"end":{"line":336,"column":20}},"loc":{"start":{"line":337,"column":10},"end":{"line":352,"column":17}},"line":337},"30":{"name":"(anonymous_30)","decl":{"start":{"line":370,"column":22},"end":{"line":370,"column":23}},"loc":{"start":{"line":370,"column":29},"end":{"line":370,"column":63}},"line":370},"31":{"name":"(anonymous_31)","decl":{"start":{"line":379,"column":20},"end":{"line":379,"column":21}},"loc":{"start":{"line":379,"column":27},"end":{"line":379,"column":60}},"line":379},"32":{"name":"(anonymous_32)","decl":{"start":{"line":394,"column":20},"end":{"line":394,"column":21}},"loc":{"start":{"line":394,"column":27},"end":{"line":394,"column":63}},"line":394},"33":{"name":"(anonymous_33)","decl":{"start":{"line":403,"column":20},"end":{"line":403,"column":21}},"loc":{"start":{"line":403,"column":27},"end":{"line":403,"column":64}},"line":403},"34":{"name":"(anonymous_34)","decl":{"start":{"line":412,"column":20},"end":{"line":412,"column":21}},"loc":{"start":{"line":412,"column":27},"end":{"line":412,"column":64}},"line":412},"35":{"name":"(anonymous_35)","decl":{"start":{"line":424,"column":26},"end":{"line":424,"column":27}},"loc":{"start":{"line":425,"column":10},"end":{"line":482,"column":23}},"line":425},"36":{"name":"(anonymous_36)","decl":{"start":{"line":447,"column":27},"end":{"line":447,"column":28}},"loc":{"start":{"line":447,"column":33},"end":{"line":447,"column":48}},"line":447},"37":{"name":"(anonymous_37)","decl":{"start":{"line":460,"column":28},"end":{"line":460,"column":29}},"loc":{"start":{"line":460,"column":35},"end":{"line":460,"column":74}},"line":460},"38":{"name":"(anonymous_38)","decl":{"start":{"line":473,"column":28},"end":{"line":473,"column":29}},"loc":{"start":{"line":473,"column":35},"end":{"line":473,"column":75}},"line":473},"39":{"name":"(anonymous_39)","decl":{"start":{"line":508,"column":22},"end":{"line":508,"column":23}},"loc":{"start":{"line":508,"column":29},"end":{"line":508,"column":60}},"line":508},"40":{"name":"(anonymous_40)","decl":{"start":{"line":515,"column":24},"end":{"line":515,"column":25}},"loc":{"start":{"line":516,"column":14},"end":{"line":516,"column":96}},"line":516},"41":{"name":"(anonymous_41)","decl":{"start":{"line":527,"column":22},"end":{"line":527,"column":23}},"loc":{"start":{"line":527,"column":29},"end":{"line":527,"column":66}},"line":527},"42":{"name":"(anonymous_42)","decl":{"start":{"line":603,"column":19},"end":{"line":603,"column":20}},"loc":{"start":{"line":603,"column":25},"end":{"line":603,"column":38}},"line":603},"43":{"name":"(anonymous_43)","decl":{"start":{"line":606,"column":24},"end":{"line":606,"column":25}},"loc":{"start":{"line":606,"column":29},"end":{"line":606,"column":68}},"line":606},"44":{"name":"(anonymous_44)","decl":{"start":{"line":607,"column":24},"end":{"line":607,"column":25}},"loc":{"start":{"line":607,"column":29},"end":{"line":607,"column":68}},"line":607},"45":{"name":"(anonymous_45)","decl":{"start":{"line":632,"column":33},"end":{"line":632,"column":34}},"loc":{"start":{"line":632,"column":39},"end":{"line":632,"column":52}},"line":632},"46":{"name":"(anonymous_46)","decl":{"start":{"line":684,"column":32},"end":{"line":684,"column":33}},"loc":{"start":{"line":685,"column":16},"end":{"line":742,"column":22}},"line":685},"47":{"name":"(anonymous_47)","decl":{"start":{"line":825,"column":38},"end":{"line":825,"column":39}},"loc":{"start":{"line":825,"column":43},"end":{"line":828,"column":25}},"line":825},"48":{"name":"(anonymous_48)","decl":{"start":{"line":829,"column":38},"end":{"line":829,"column":39}},"loc":{"start":{"line":829,"column":43},"end":{"line":832,"column":25}},"line":829},"49":{"name":"(anonymous_49)","decl":{"start":{"line":848,"column":38},"end":{"line":848,"column":39}},"loc":{"start":{"line":848,"column":43},"end":{"line":851,"column":25}},"line":848},"50":{"name":"(anonymous_50)","decl":{"start":{"line":852,"column":38},"end":{"line":852,"column":39}},"loc":{"start":{"line":852,"column":43},"end":{"line":855,"column":25}},"line":852},"51":{"name":"(anonymous_51)","decl":{"start":{"line":870,"column":38},"end":{"line":870,"column":39}},"loc":{"start":{"line":870,"column":43},"end":{"line":873,"column":25}},"line":870},"52":{"name":"(anonymous_52)","decl":{"start":{"line":874,"column":38},"end":{"line":874,"column":39}},"loc":{"start":{"line":874,"column":43},"end":{"line":877,"column":25}},"line":874}},"branchMap":{"0":{"loc":{"start":{"line":9,"column":35},"end":{"line":9,"column":48}},"type":"default-arg","locations":[{"start":{"line":9,"column":42},"end":{"line":9,"column":48}}],"line":9},"1":{"loc":{"start":{"line":26,"column":16},"end":{"line":26,"column":87}},"type":"cond-expr","locations":[{"start":{"line":26,"column":24},"end":{"line":26,"column":56}},{"start":{"line":26,"column":59},"end":{"line":26,"column":87}}],"line":26},"2":{"loc":{"start":{"line":28,"column":19},"end":{"line":28,"column":138}},"type":"cond-expr","locations":[{"start":{"line":28,"column":27},"end":{"line":28,"column":97}},{"start":{"line":28,"column":100},"end":{"line":28,"column":138}}],"line":28},"3":{"loc":{"start":{"line":35,"column":32},"end":{"line":35,"column":103}},"type":"cond-expr","locations":[{"start":{"line":35,"column":40},"end":{"line":35,"column":72}},{"start":{"line":35,"column":75},"end":{"line":35,"column":103}}],"line":35},"4":{"loc":{"start":{"line":36,"column":35},"end":{"line":36,"column":84}},"type":"cond-expr","locations":[{"start":{"line":36,"column":43},"end":{"line":36,"column":75}},{"start":{"line":36,"column":78},"end":{"line":36,"column":84}}],"line":36},"5":{"loc":{"start":{"line":39,"column":5},"end":{"line":39,"column":68}},"type":"binary-expr","locations":[{"start":{"line":39,"column":5},"end":{"line":39,"column":10}},{"start":{"line":39,"column":14},"end":{"line":39,"column":68}}],"line":39},"6":{"loc":{"start":{"line":154,"column":4},"end":{"line":155,"column":92}},"type":"if","locations":[{"start":{"line":154,"column":4},"end":{"line":155,"column":92}},{"start":{},"end":{}}],"line":154},"7":{"loc":{"start":{"line":167,"column":4},"end":{"line":168,"column":66}},"type":"if","locations":[{"start":{"line":167,"column":4},"end":{"line":168,"column":66}},{"start":{},"end":{}}],"line":167},"8":{"loc":{"start":{"line":167,"column":8},"end":{"line":167,"column":40}},"type":"binary-expr","locations":[{"start":{"line":167,"column":8},"end":{"line":167,"column":18}},{"start":{"line":167,"column":22},"end":{"line":167,"column":40}}],"line":167},"9":{"loc":{"start":{"line":169,"column":4},"end":{"line":176,"column":5}},"type":"if","locations":[{"start":{"line":169,"column":4},"end":{"line":176,"column":5}},{"start":{},"end":{}}],"line":169},"10":{"loc":{"start":{"line":170,"column":6},"end":{"line":170,"column":103}},"type":"if","locations":[{"start":{"line":170,"column":6},"end":{"line":170,"column":103}},{"start":{},"end":{}}],"line":170},"11":{"loc":{"start":{"line":170,"column":10},"end":{"line":170,"column":63}},"type":"binary-expr","locations":[{"start":{"line":170,"column":10},"end":{"line":170,"column":38}},{"start":{"line":170,"column":42},"end":{"line":170,"column":63}}],"line":170},"12":{"loc":{"start":{"line":171,"column":6},"end":{"line":171,"column":81}},"type":"if","locations":[{"start":{"line":171,"column":6},"end":{"line":171,"column":81}},{"start":{},"end":{}}],"line":171},"13":{"loc":{"start":{"line":172,"column":6},"end":{"line":172,"column":77}},"type":"if","locations":[{"start":{"line":172,"column":6},"end":{"line":172,"column":77}},{"start":{},"end":{}}],"line":172},"14":{"loc":{"start":{"line":173,"column":6},"end":{"line":174,"column":94}},"type":"if","locations":[{"start":{"line":173,"column":6},"end":{"line":174,"column":94}},{"start":{"line":174,"column":11},"end":{"line":174,"column":94}}],"line":173},"15":{"loc":{"start":{"line":174,"column":11},"end":{"line":174,"column":94}},"type":"if","locations":[{"start":{"line":174,"column":11},"end":{"line":174,"column":94}},{"start":{},"end":{}}],"line":174},"16":{"loc":{"start":{"line":175,"column":6},"end":{"line":175,"column":80}},"type":"if","locations":[{"start":{"line":175,"column":6},"end":{"line":175,"column":80}},{"start":{},"end":{}}],"line":175},"17":{"loc":{"start":{"line":177,"column":4},"end":{"line":183,"column":5}},"type":"if","locations":[{"start":{"line":177,"column":4},"end":{"line":183,"column":5}},{"start":{},"end":{}}],"line":177},"18":{"loc":{"start":{"line":177,"column":8},"end":{"line":177,"column":50}},"type":"binary-expr","locations":[{"start":{"line":177,"column":8},"end":{"line":177,"column":18}},{"start":{"line":177,"column":22},"end":{"line":177,"column":50}}],"line":177},"19":{"loc":{"start":{"line":179,"column":8},"end":{"line":179,"column":72}},"type":"if","locations":[{"start":{"line":179,"column":8},"end":{"line":179,"column":72}},{"start":{},"end":{}}],"line":179},"20":{"loc":{"start":{"line":180,"column":8},"end":{"line":181,"column":96}},"type":"if","locations":[{"start":{"line":180,"column":8},"end":{"line":181,"column":96}},{"start":{"line":181,"column":13},"end":{"line":181,"column":96}}],"line":180},"21":{"loc":{"start":{"line":181,"column":13},"end":{"line":181,"column":96}},"type":"if","locations":[{"start":{"line":181,"column":13},"end":{"line":181,"column":96}},{"start":{},"end":{}}],"line":181},"22":{"loc":{"start":{"line":184,"column":4},"end":{"line":187,"column":5}},"type":"if","locations":[{"start":{"line":184,"column":4},"end":{"line":187,"column":5}},{"start":{},"end":{}}],"line":184},"23":{"loc":{"start":{"line":185,"column":6},"end":{"line":185,"column":58}},"type":"if","locations":[{"start":{"line":185,"column":6},"end":{"line":185,"column":58}},{"start":{},"end":{}}],"line":185},"24":{"loc":{"start":{"line":186,"column":6},"end":{"line":186,"column":89}},"type":"if","locations":[{"start":{"line":186,"column":6},"end":{"line":186,"column":89}},{"start":{},"end":{}}],"line":186},"25":{"loc":{"start":{"line":193,"column":4},"end":{"line":193,"column":60}},"type":"if","locations":[{"start":{"line":193,"column":4},"end":{"line":193,"column":60}},{"start":{},"end":{}}],"line":193},"26":{"loc":{"start":{"line":195,"column":4},"end":{"line":195,"column":75}},"type":"if","locations":[{"start":{"line":195,"column":4},"end":{"line":195,"column":75}},{"start":{},"end":{}}],"line":195},"27":{"loc":{"start":{"line":195,"column":8},"end":{"line":195,"column":50}},"type":"binary-expr","locations":[{"start":{"line":195,"column":8},"end":{"line":195,"column":18}},{"start":{"line":195,"column":22},"end":{"line":195,"column":50}}],"line":195},"28":{"loc":{"start":{"line":201,"column":4},"end":{"line":201,"column":75}},"type":"if","locations":[{"start":{"line":201,"column":4},"end":{"line":201,"column":75}},{"start":{},"end":{}}],"line":201},"29":{"loc":{"start":{"line":201,"column":8},"end":{"line":201,"column":50}},"type":"binary-expr","locations":[{"start":{"line":201,"column":8},"end":{"line":201,"column":18}},{"start":{"line":201,"column":22},"end":{"line":201,"column":50}}],"line":201},"30":{"loc":{"start":{"line":207,"column":4},"end":{"line":207,"column":60}},"type":"if","locations":[{"start":{"line":207,"column":4},"end":{"line":207,"column":60}},{"start":{},"end":{}}],"line":207},"31":{"loc":{"start":{"line":211,"column":23},"end":{"line":213,"column":11}},"type":"cond-expr","locations":[{"start":{"line":212,"column":6},"end":{"line":212,"column":52}},{"start":{"line":213,"column":6},"end":{"line":213,"column":11}}],"line":211},"32":{"loc":{"start":{"line":215,"column":23},"end":{"line":217,"column":10}},"type":"cond-expr","locations":[{"start":{"line":216,"column":6},"end":{"line":216,"column":41}},{"start":{"line":217,"column":6},"end":{"line":217,"column":10}}],"line":215},"33":{"loc":{"start":{"line":216,"column":6},"end":{"line":216,"column":41}},"type":"cond-expr","locations":[{"start":{"line":216,"column":19},"end":{"line":216,"column":20}},{"start":{"line":216,"column":23},"end":{"line":216,"column":41}}],"line":216},"34":{"loc":{"start":{"line":216,"column":23},"end":{"line":216,"column":41}},"type":"cond-expr","locations":[{"start":{"line":216,"column":36},"end":{"line":216,"column":37}},{"start":{"line":216,"column":40},"end":{"line":216,"column":41}}],"line":216},"35":{"loc":{"start":{"line":220,"column":38},"end":{"line":220,"column":56}},"type":"cond-expr","locations":[{"start":{"line":220,"column":48},"end":{"line":220,"column":50}},{"start":{"line":220,"column":53},"end":{"line":220,"column":56}}],"line":220},"36":{"loc":{"start":{"line":222,"column":37},"end":{"line":222,"column":55}},"type":"cond-expr","locations":[{"start":{"line":222,"column":47},"end":{"line":222,"column":50}},{"start":{"line":222,"column":53},"end":{"line":222,"column":55}}],"line":222},"37":{"loc":{"start":{"line":227,"column":4},"end":{"line":359,"column":6}},"type":"if","locations":[{"start":{"line":227,"column":4},"end":{"line":359,"column":6}},{"start":{},"end":{}}],"line":227},"38":{"loc":{"start":{"line":232,"column":9},"end":{"line":234,"column":9}},"type":"binary-expr","locations":[{"start":{"line":232,"column":9},"end":{"line":232,"column":33}},{"start":{"line":233,"column":10},"end":{"line":233,"column":76}}],"line":232},"39":{"loc":{"start":{"line":258,"column":20},"end":{"line":260,"column":36}},"type":"cond-expr","locations":[{"start":{"line":259,"column":12},"end":{"line":259,"column":91}},{"start":{"line":260,"column":12},"end":{"line":260,"column":36}}],"line":258},"40":{"loc":{"start":{"line":261,"column":21},"end":{"line":263,"column":30}},"type":"cond-expr","locations":[{"start":{"line":262,"column":12},"end":{"line":262,"column":35}},{"start":{"line":263,"column":12},"end":{"line":263,"column":30}}],"line":261},"41":{"loc":{"start":{"line":264,"column":19},"end":{"line":266,"column":18}},"type":"cond-expr","locations":[{"start":{"line":265,"column":12},"end":{"line":265,"column":109}},{"start":{"line":266,"column":12},"end":{"line":266,"column":18}}],"line":264},"42":{"loc":{"start":{"line":267,"column":19},"end":{"line":267,"column":75}},"type":"cond-expr","locations":[{"start":{"line":267,"column":49},"end":{"line":267,"column":62}},{"start":{"line":267,"column":65},"end":{"line":267,"column":75}}],"line":267},"43":{"loc":{"start":{"line":271,"column":7},"end":{"line":278,"column":7}},"type":"binary-expr","locations":[{"start":{"line":271,"column":7},"end":{"line":271,"column":34}},{"start":{"line":272,"column":8},"end":{"line":277,"column":10}}],"line":271},"44":{"loc":{"start":{"line":285,"column":24},"end":{"line":287,"column":40}},"type":"cond-expr","locations":[{"start":{"line":286,"column":16},"end":{"line":286,"column":86}},{"start":{"line":287,"column":16},"end":{"line":287,"column":40}}],"line":285},"45":{"loc":{"start":{"line":288,"column":23},"end":{"line":290,"column":22}},"type":"cond-expr","locations":[{"start":{"line":289,"column":16},"end":{"line":289,"column":48}},{"start":{"line":290,"column":16},"end":{"line":290,"column":22}}],"line":288},"46":{"loc":{"start":{"line":297,"column":21},"end":{"line":297,"column":72}},"type":"cond-expr","locations":[{"start":{"line":297,"column":51},"end":{"line":297,"column":60}},{"start":{"line":297,"column":63},"end":{"line":297,"column":72}}],"line":297},"47":{"loc":{"start":{"line":307,"column":21},"end":{"line":307,"column":72}},"type":"cond-expr","locations":[{"start":{"line":307,"column":51},"end":{"line":307,"column":60}},{"start":{"line":307,"column":63},"end":{"line":307,"column":72}}],"line":307},"48":{"loc":{"start":{"line":322,"column":25},"end":{"line":322,"column":86}},"type":"cond-expr","locations":[{"start":{"line":322,"column":55},"end":{"line":322,"column":64}},{"start":{"line":322,"column":67},"end":{"line":322,"column":86}}],"line":322},"49":{"loc":{"start":{"line":323,"column":24},"end":{"line":323,"column":79}},"type":"cond-expr","locations":[{"start":{"line":323,"column":54},"end":{"line":323,"column":63}},{"start":{"line":323,"column":66},"end":{"line":323,"column":79}}],"line":323},"50":{"loc":{"start":{"line":326,"column":11},"end":{"line":330,"column":11}},"type":"binary-expr","locations":[{"start":{"line":326,"column":11},"end":{"line":326,"column":38}},{"start":{"line":327,"column":12},"end":{"line":329,"column":18}}],"line":326},"51":{"loc":{"start":{"line":341,"column":27},"end":{"line":343,"column":36}},"type":"cond-expr","locations":[{"start":{"line":342,"column":18},"end":{"line":342,"column":41}},{"start":{"line":343,"column":18},"end":{"line":343,"column":36}}],"line":341},"52":{"loc":{"start":{"line":344,"column":21},"end":{"line":344,"column":72}},"type":"cond-expr","locations":[{"start":{"line":344,"column":51},"end":{"line":344,"column":60}},{"start":{"line":344,"column":63},"end":{"line":344,"column":72}}],"line":344},"53":{"loc":{"start":{"line":345,"column":26},"end":{"line":347,"column":42}},"type":"cond-expr","locations":[{"start":{"line":346,"column":18},"end":{"line":346,"column":41}},{"start":{"line":347,"column":18},"end":{"line":347,"column":42}}],"line":345},"54":{"loc":{"start":{"line":362,"column":4},"end":{"line":416,"column":6}},"type":"if","locations":[{"start":{"line":362,"column":4},"end":{"line":416,"column":6}},{"start":{},"end":{}}],"line":362},"55":{"loc":{"start":{"line":364,"column":9},"end":{"line":373,"column":9}},"type":"binary-expr","locations":[{"start":{"line":364,"column":9},"end":{"line":364,"column":37}},{"start":{"line":365,"column":10},"end":{"line":372,"column":12}}],"line":364},"56":{"loc":{"start":{"line":387,"column":11},"end":{"line":387,"column":72}},"type":"cond-expr","locations":[{"start":{"line":387,"column":42},"end":{"line":387,"column":55}},{"start":{"line":387,"column":58},"end":{"line":387,"column":72}}],"line":387},"57":{"loc":{"start":{"line":419,"column":4},"end":{"line":497,"column":6}},"type":"if","locations":[{"start":{"line":419,"column":4},"end":{"line":497,"column":6}},{"start":{},"end":{}}],"line":419},"58":{"loc":{"start":{"line":444,"column":15},"end":{"line":452,"column":15}},"type":"binary-expr","locations":[{"start":{"line":444,"column":15},"end":{"line":444,"column":38}},{"start":{"line":445,"column":16},"end":{"line":451,"column":25}}],"line":444},"59":{"loc":{"start":{"line":466,"column":17},"end":{"line":466,"column":120}},"type":"binary-expr","locations":[{"start":{"line":466,"column":17},"end":{"line":466,"column":43}},{"start":{"line":466,"column":47},"end":{"line":466,"column":120}}],"line":466},"60":{"loc":{"start":{"line":479,"column":17},"end":{"line":479,"column":122}},"type":"binary-expr","locations":[{"start":{"line":479,"column":17},"end":{"line":479,"column":44}},{"start":{"line":479,"column":48},"end":{"line":479,"column":122}}],"line":479},"61":{"loc":{"start":{"line":484,"column":9},"end":{"line":495,"column":9}},"type":"binary-expr","locations":[{"start":{"line":484,"column":9},"end":{"line":484,"column":32}},{"start":{"line":485,"column":10},"end":{"line":494,"column":19}}],"line":484},"62":{"loc":{"start":{"line":500,"column":4},"end":{"line":538,"column":6}},"type":"if","locations":[{"start":{"line":500,"column":4},"end":{"line":538,"column":6}},{"start":{},"end":{}}],"line":500},"63":{"loc":{"start":{"line":512,"column":32},"end":{"line":512,"column":87}},"type":"cond-expr","locations":[{"start":{"line":512,"column":45},"end":{"line":512,"column":78}},{"start":{"line":512,"column":81},"end":{"line":512,"column":87}}],"line":512},"64":{"loc":{"start":{"line":519,"column":11},"end":{"line":519,"column":88}},"type":"binary-expr","locations":[{"start":{"line":519,"column":11},"end":{"line":519,"column":23}},{"start":{"line":519,"column":27},"end":{"line":519,"column":88}}],"line":519},"65":{"loc":{"start":{"line":533,"column":32},"end":{"line":533,"column":93}},"type":"cond-expr","locations":[{"start":{"line":533,"column":51},"end":{"line":533,"column":84}},{"start":{"line":533,"column":87},"end":{"line":533,"column":93}}],"line":533},"66":{"loc":{"start":{"line":535,"column":11},"end":{"line":535,"column":100}},"type":"binary-expr","locations":[{"start":{"line":535,"column":11},"end":{"line":535,"column":29}},{"start":{"line":535,"column":33},"end":{"line":535,"column":100}}],"line":535},"67":{"loc":{"start":{"line":593,"column":5},"end":{"line":625,"column":5}},"type":"binary-expr","locations":[{"start":{"line":593,"column":5},"end":{"line":593,"column":15}},{"start":{"line":594,"column":6},"end":{"line":624,"column":12}}],"line":593},"68":{"loc":{"start":{"line":631,"column":9},"end":{"line":888,"column":9}},"type":"cond-expr","locations":[{"start":{"line":632,"column":10},"end":{"line":632,"column":56}},{"start":{"line":634,"column":10},"end":{"line":887,"column":13}}],"line":631},"69":{"loc":{"start":{"line":691,"column":36},"end":{"line":694,"column":48}},"type":"cond-expr","locations":[{"start":{"line":691,"column":46},"end":{"line":691,"column":59}},{"start":{"line":692,"column":28},"end":{"line":694,"column":48}}],"line":691},"70":{"loc":{"start":{"line":692,"column":28},"end":{"line":694,"column":48}},"type":"cond-expr","locations":[{"start":{"line":693,"column":30},"end":{"line":693,"column":75}},{"start":{"line":694,"column":30},"end":{"line":694,"column":48}}],"line":692},"71":{"loc":{"start":{"line":701,"column":36},"end":{"line":705,"column":48}},"type":"cond-expr","locations":[{"start":{"line":702,"column":28},"end":{"line":702,"column":71}},{"start":{"line":703,"column":28},"end":{"line":705,"column":48}}],"line":701},"72":{"loc":{"start":{"line":703,"column":28},"end":{"line":705,"column":48}},"type":"cond-expr","locations":[{"start":{"line":704,"column":30},"end":{"line":704,"column":53}},{"start":{"line":705,"column":30},"end":{"line":705,"column":48}}],"line":703},"73":{"loc":{"start":{"line":706,"column":32},"end":{"line":708,"column":59}},"type":"cond-expr","locations":[{"start":{"line":707,"column":28},"end":{"line":707,"column":60}},{"start":{"line":708,"column":28},"end":{"line":708,"column":59}}],"line":706},"74":{"loc":{"start":{"line":709,"column":35},"end":{"line":713,"column":36}},"type":"cond-expr","locations":[{"start":{"line":710,"column":28},"end":{"line":710,"column":59}},{"start":{"line":711,"column":28},"end":{"line":713,"column":36}}],"line":709},"75":{"loc":{"start":{"line":711,"column":28},"end":{"line":713,"column":36}},"type":"cond-expr","locations":[{"start":{"line":712,"column":30},"end":{"line":712,"column":61}},{"start":{"line":713,"column":30},"end":{"line":713,"column":36}}],"line":711},"76":{"loc":{"start":{"line":714,"column":31},"end":{"line":714,"column":72}},"type":"cond-expr","locations":[{"start":{"line":714,"column":51},"end":{"line":714,"column":60}},{"start":{"line":714,"column":63},"end":{"line":714,"column":72}}],"line":714},"77":{"loc":{"start":{"line":717,"column":23},"end":{"line":723,"column":23}},"type":"cond-expr","locations":[{"start":{"line":718,"column":24},"end":{"line":720,"column":30}},{"start":{"line":722,"column":24},"end":{"line":722,"column":29}}],"line":717},"78":{"loc":{"start":{"line":729,"column":36},"end":{"line":732,"column":48}},"type":"cond-expr","locations":[{"start":{"line":729,"column":68},"end":{"line":729,"column":81}},{"start":{"line":730,"column":28},"end":{"line":732,"column":48}}],"line":729},"79":{"loc":{"start":{"line":730,"column":28},"end":{"line":732,"column":48}},"type":"cond-expr","locations":[{"start":{"line":731,"column":30},"end":{"line":731,"column":75}},{"start":{"line":732,"column":30},"end":{"line":732,"column":48}}],"line":730},"80":{"loc":{"start":{"line":738,"column":36},"end":{"line":738,"column":77}},"type":"cond-expr","locations":[{"start":{"line":738,"column":56},"end":{"line":738,"column":65}},{"start":{"line":738,"column":68},"end":{"line":738,"column":77}}],"line":738},"81":{"loc":{"start":{"line":813,"column":53},"end":{"line":813,"column":97}},"type":"cond-expr","locations":[{"start":{"line":813,"column":64},"end":{"line":813,"column":81}},{"start":{"line":813,"column":84},"end":{"line":813,"column":97}}],"line":813},"82":{"loc":{"start":{"line":814,"column":21},"end":{"line":837,"column":21}},"type":"binary-expr","locations":[{"start":{"line":814,"column":21},"end":{"line":814,"column":29}},{"start":{"line":815,"column":22},"end":{"line":836,"column":31}}],"line":814},"83":{"loc":{"start":{"line":838,"column":21},"end":{"line":882,"column":21}},"type":"cond-expr","locations":[{"start":{"line":839,"column":22},"end":{"line":859,"column":31}},{"start":{"line":861,"column":22},"end":{"line":881,"column":31}}],"line":838}},"s":{"0":1,"1":1,"2":351,"3":1,"4":1,"5":1,"6":1,"7":1,"8":4,"9":1,"10":1,"11":1,"12":1,"13":151,"14":151,"15":151,"16":151,"17":151,"18":151,"19":151,"20":151,"21":64,"22":64,"23":64,"24":64,"25":151,"26":2,"27":2,"28":2,"29":2,"30":151,"31":2,"32":2,"33":2,"34":151,"35":1,"36":1,"37":2,"38":151,"39":37,"40":37,"41":1,"42":37,"43":14,"44":1,"45":14,"46":1,"47":14,"48":1,"49":14,"50":1,"51":13,"52":1,"53":14,"54":1,"55":37,"56":1,"57":1,"58":1,"59":1,"60":1,"61":0,"62":0,"63":37,"64":4,"65":1,"66":4,"67":1,"68":37,"69":151,"70":33,"71":33,"72":4,"73":4,"74":29,"75":29,"76":6,"77":6,"78":23,"79":23,"80":151,"81":2,"82":2,"83":1,"84":1,"85":1,"86":1,"87":151,"88":4,"89":4,"90":1,"91":1,"92":3,"93":151,"94":151,"95":151,"96":54,"97":62,"98":151,"99":147,"100":43,"101":86,"102":18,"103":18,"104":258,"105":104,"106":79,"107":6,"108":13,"109":13,"110":13,"111":13,"112":25,"113":12,"114":14,"115":1,"116":1,"117":1,"118":13,"119":13,"120":3,"121":65,"122":3,"123":151,"124":0,"125":1,"126":1,"127":1,"128":527,"129":0,"130":0,"131":0,"132":0,"133":1,"134":1,"135":1,"136":1,"137":0,"138":0,"139":0,"140":0},"f":{"0":351,"1":1,"2":1,"3":4,"4":1,"5":1,"6":151,"7":64,"8":64,"9":64,"10":2,"11":2,"12":2,"13":2,"14":1,"15":1,"16":2,"17":37,"18":1,"19":33,"20":23,"21":2,"22":1,"23":4,"24":54,"25":62,"26":147,"27":86,"28":18,"29":258,"30":6,"31":13,"32":13,"33":13,"34":13,"35":14,"36":1,"37":1,"38":1,"39":3,"40":65,"41":3,"42":0,"43":1,"44":1,"45":1,"46":527,"47":0,"48":0,"49":1,"50":1,"51":0,"52":0},"b":{"0":[195],"1":[173,178],"2":[173,178],"3":[0,1],"4":[0,1],"5":[351,6],"6":[2,0],"7":[1,36],"8":[37,18],"9":[14,23],"10":[1,13],"11":[14,7],"12":[1,13],"13":[1,13],"14":[1,13],"15":[1,12],"16":[1,13],"17":[1,36],"18":[37,1],"19":[1,0],"20":[1,0],"21":[0,0],"22":[4,33],"23":[1,3],"24":[1,3],"25":[4,29],"26":[6,23],"27":[29,12],"28":[1,1],"29":[2,1],"30":[1,3],"31":[65,86],"32":[65,86],"33":[9,56],"34":[39,17],"35":[52,2],"36":[58,4],"37":[43,104],"38":[43,1],"39":[18,68],"40":[18,68],"41":[18,68],"42":[18,68],"43":[86,18],"44":[18,68],"45":[18,68],"46":[18,68],"47":[18,68],"48":[18,68],"49":[18,68],"50":[86,18],"51":[54,204],"52":[54,204],"53":[54,204],"54":[79,25],"55":[79,40],"56":[40,39],"57":[12,13],"58":[14,4],"59":[14,1],"60":[14,1],"61":[12,12],"62":[13,0],"63":[6,7],"64":[13,1],"65":[3,10],"66":[13,1],"67":[151,147],"68":[4,147],"69":[147,380],"70":[129,251],"71":[129,398],"72":[147,251],"73":[276,251],"74":[147,380],"75":[129,251],"76":[276,251],"77":[129,398],"78":[147,380],"79":[129,251],"80":[276,251],"81":[104,43],"82":[147,104],"83":[134,13]},"_coverageSchema":"1a1c01bbd47fc00a2c39e90264f33305004495a9","hash":"fb2a9289ed814856445f1743b67202c67fac403f"}
,"D:\\Internship\\Fraylon-frontend\\Fraylon-frontend\\src\\components\\ThemesSection.jsx": {"path":"D:\\Internship\\Fraylon-frontend\\Fraylon-frontend\\src\\components\\ThemesSection.jsx","statementMap":{"0":{"start":{"line":5,"column":22},"end":{"line":46,"column":1}},"1":{"start":{"line":48,"column":18},"end":{"line":117,"column":1}},"2":{"start":{"line":49,"column":15},"end":{"line":49,"column":25}},"3":{"start":{"line":50,"column":19},"end":{"line":50,"column":32}},"4":{"start":{"line":52,"column":2},"end":{"line":116,"column":4}},"5":{"start":{"line":91,"column":27},"end":{"line":91,"column":61}},"6":{"start":{"line":100,"column":14},"end":{"line":101,"column":79}},"7":{"start":{"line":102,"column":14},"end":{"line":102,"column":62}},"8":{"start":{"line":103,"column":14},"end":{"line":103,"column":53}},"9":{"start":{"line":106,"column":14},"end":{"line":106,"column":55}},"10":{"start":{"line":107,"column":14},"end":{"line":107,"column":59}},"11":{"start":{"line":108,"column":14},"end":{"line":108,"column":50}},"12":{"start":{"line":119,"column":22},"end":{"line":250,"column":1}},"13":{"start":{"line":120,"column":20},"end":{"line":120,"column":32}},"14":{"start":{"line":121,"column":23},"end":{"line":121,"column":35}},"15":{"start":{"line":122,"column":22},"end":{"line":122,"column":35}},"16":{"start":{"line":123,"column":16},"end":{"line":123,"column":19}},"17":{"start":{"line":125,"column":24},"end":{"line":125,"column":37}},"18":{"start":{"line":126,"column":24},"end":{"line":126,"column":33}},"19":{"start":{"line":127,"column":25},"end":{"line":127,"column":34}},"20":{"start":{"line":129,"column":19},"end":{"line":129,"column":52}},"21":{"start":{"line":131,"column":21},"end":{"line":145,"column":8}},"22":{"start":{"line":132,"column":15},"end":{"line":132,"column":32}},"23":{"start":{"line":133,"column":4},"end":{"line":133,"column":20}},"24":{"start":{"line":133,"column":13},"end":{"line":133,"column":20}},"25":{"start":{"line":135,"column":4},"end":{"line":142,"column":5}},"26":{"start":{"line":136,"column":6},"end":{"line":136,"column":29}},"27":{"start":{"line":137,"column":23},"end":{"line":137,"column":41}},"28":{"start":{"line":139,"column":6},"end":{"line":141,"column":7}},"29":{"start":{"line":140,"column":8},"end":{"line":140,"column":34}},"30":{"start":{"line":144,"column":4},"end":{"line":144,"column":61}},"31":{"start":{"line":147,"column":2},"end":{"line":157,"column":19}},"32":{"start":{"line":148,"column":15},"end":{"line":148,"column":32}},"33":{"start":{"line":149,"column":4},"end":{"line":149,"column":20}},"34":{"start":{"line":149,"column":13},"end":{"line":149,"column":20}},"35":{"start":{"line":151,"column":21},"end":{"line":151,"column":39}},"36":{"start":{"line":152,"column":4},"end":{"line":152,"column":29}},"37":{"start":{"line":154,"column":4},"end":{"line":154,"column":61}},"38":{"start":{"line":156,"column":4},"end":{"line":156,"column":60}},"39":{"start":{"line":156,"column":17},"end":{"line":156,"column":59}},"40":{"start":{"line":159,"column":22},"end":{"line":161,"column":3}},"41":{"start":{"line":160,"column":4},"end":{"line":160,"column":31}},"42":{"start":{"line":163,"column":22},"end":{"line":169,"column":3}},"43":{"start":{"line":164,"column":4},"end":{"line":164,"column":33}},"44":{"start":{"line":165,"column":4},"end":{"line":165,"column":31}},"45":{"start":{"line":166,"column":4},"end":{"line":166,"column":36}},"46":{"start":{"line":167,"column":4},"end":{"line":167,"column":58}},"47":{"start":{"line":168,"column":4},"end":{"line":168,"column":48}},"48":{"start":{"line":171,"column":22},"end":{"line":175,"column":3}},"49":{"start":{"line":172,"column":4},"end":{"line":172,"column":39}},"50":{"start":{"line":172,"column":32},"end":{"line":172,"column":39}},"51":{"start":{"line":173,"column":15},"end":{"line":173,"column":46}},"52":{"start":{"line":174,"column":4},"end":{"line":174,"column":63}},"53":{"start":{"line":177,"column":20},"end":{"line":181,"column":3}},"54":{"start":{"line":178,"column":4},"end":{"line":178,"column":34}},"55":{"start":{"line":179,"column":4},"end":{"line":179,"column":32}},"56":{"start":{"line":180,"column":4},"end":{"line":180,"column":44}},"57":{"start":{"line":183,"column":23},"end":{"line":189,"column":3}},"58":{"start":{"line":184,"column":4},"end":{"line":187,"column":5}},"59":{"start":{"line":185,"column":6},"end":{"line":185,"column":36}},"60":{"start":{"line":186,"column":6},"end":{"line":186,"column":46}},"61":{"start":{"line":188,"column":4},"end":{"line":188,"column":32}},"62":{"start":{"line":191,"column":23},"end":{"line":196,"column":3}},"63":{"start":{"line":192,"column":4},"end":{"line":192,"column":33}},"64":{"start":{"line":193,"column":4},"end":{"line":193,"column":31}},"65":{"start":{"line":194,"column":4},"end":{"line":194,"column":47}},"66":{"start":{"line":195,"column":4},"end":{"line":195,"column":58}},"67":{"start":{"line":198,"column":22},"end":{"line":202,"column":3}},"68":{"start":{"line":199,"column":4},"end":{"line":199,"column":39}},"69":{"start":{"line":199,"column":32},"end":{"line":199,"column":39}},"70":{"start":{"line":200,"column":15},"end":{"line":200,"column":57}},"71":{"start":{"line":201,"column":4},"end":{"line":201,"column":63}},"72":{"start":{"line":204,"column":21},"end":{"line":207,"column":3}},"73":{"start":{"line":205,"column":4},"end":{"line":205,"column":34}},"74":{"start":{"line":206,"column":4},"end":{"line":206,"column":32}},"75":{"start":{"line":209,"column":2},"end":{"line":249,"column":4}},"76":{"start":{"line":244,"column":12},"end":{"line":244,"column":51}}},"fnMap":{"0":{"name":"(anonymous_0)","decl":{"start":{"line":48,"column":18},"end":{"line":48,"column":19}},"loc":{"start":{"line":48,"column":33},"end":{"line":117,"column":1}},"line":48},"1":{"name":"(anonymous_1)","decl":{"start":{"line":91,"column":21},"end":{"line":91,"column":22}},"loc":{"start":{"line":91,"column":27},"end":{"line":91,"column":61}},"line":91},"2":{"name":"(anonymous_2)","decl":{"start":{"line":99,"column":26},"end":{"line":99,"column":27}},"loc":{"start":{"line":99,"column":33},"end":{"line":104,"column":13}},"line":99},"3":{"name":"(anonymous_3)","decl":{"start":{"line":105,"column":26},"end":{"line":105,"column":27}},"loc":{"start":{"line":105,"column":33},"end":{"line":109,"column":13}},"line":105},"4":{"name":"(anonymous_4)","decl":{"start":{"line":119,"column":22},"end":{"line":119,"column":23}},"loc":{"start":{"line":119,"column":28},"end":{"line":250,"column":1}},"line":119},"5":{"name":"(anonymous_5)","decl":{"start":{"line":131,"column":33},"end":{"line":131,"column":34}},"loc":{"start":{"line":131,"column":39},"end":{"line":145,"column":3}},"line":131},"6":{"name":"(anonymous_6)","decl":{"start":{"line":147,"column":12},"end":{"line":147,"column":13}},"loc":{"start":{"line":147,"column":18},"end":{"line":157,"column":3}},"line":147},"7":{"name":"(anonymous_7)","decl":{"start":{"line":156,"column":11},"end":{"line":156,"column":12}},"loc":{"start":{"line":156,"column":17},"end":{"line":156,"column":59}},"line":156},"8":{"name":"(anonymous_8)","decl":{"start":{"line":159,"column":22},"end":{"line":159,"column":23}},"loc":{"start":{"line":159,"column":28},"end":{"line":161,"column":3}},"line":159},"9":{"name":"(anonymous_9)","decl":{"start":{"line":163,"column":22},"end":{"line":163,"column":23}},"loc":{"start":{"line":163,"column":29},"end":{"line":169,"column":3}},"line":163},"10":{"name":"(anonymous_10)","decl":{"start":{"line":171,"column":22},"end":{"line":171,"column":23}},"loc":{"start":{"line":171,"column":29},"end":{"line":175,"column":3}},"line":171},"11":{"name":"(anonymous_11)","decl":{"start":{"line":177,"column":20},"end":{"line":177,"column":21}},"loc":{"start":{"line":177,"column":26},"end":{"line":181,"column":3}},"line":177},"12":{"name":"(anonymous_12)","decl":{"start":{"line":183,"column":23},"end":{"line":183,"column":24}},"loc":{"start":{"line":183,"column":29},"end":{"line":189,"column":3}},"line":183},"13":{"name":"(anonymous_13)","decl":{"start":{"line":191,"column":23},"end":{"line":191,"column":24}},"loc":{"start":{"line":191,"column":30},"end":{"line":196,"column":3}},"line":191},"14":{"name":"(anonymous_14)","decl":{"start":{"line":198,"column":22},"end":{"line":198,"column":23}},"loc":{"start":{"line":198,"column":29},"end":{"line":202,"column":3}},"line":198},"15":{"name":"(anonymous_15)","decl":{"start":{"line":204,"column":21},"end":{"line":204,"column":22}},"loc":{"start":{"line":204,"column":27},"end":{"line":207,"column":3}},"line":204},"16":{"name":"(anonymous_16)","decl":{"start":{"line":243,"column":24},"end":{"line":243,"column":25}},"loc":{"start":{"line":244,"column":12},"end":{"line":244,"column":51}},"line":244}},"branchMap":{"0":{"loc":{"start":{"line":133,"column":4},"end":{"line":133,"column":20}},"type":"if","locations":[{"start":{"line":133,"column":4},"end":{"line":133,"column":20}},{"start":{},"end":{}}],"line":133},"1":{"loc":{"start":{"line":135,"column":4},"end":{"line":142,"column":5}},"type":"if","locations":[{"start":{"line":135,"column":4},"end":{"line":142,"column":5}},{"start":{},"end":{}}],"line":135},"2":{"loc":{"start":{"line":139,"column":6},"end":{"line":141,"column":7}},"type":"if","locations":[{"start":{"line":139,"column":6},"end":{"line":141,"column":7}},{"start":{},"end":{}}],"line":139},"3":{"loc":{"start":{"line":149,"column":4},"end":{"line":149,"column":20}},"type":"if","locations":[{"start":{"line":149,"column":4},"end":{"line":149,"column":20}},{"start":{},"end":{}}],"line":149},"4":{"loc":{"start":{"line":172,"column":4},"end":{"line":172,"column":39}},"type":"if","locations":[{"start":{"line":172,"column":4},"end":{"line":172,"column":39}},{"start":{},"end":{}}],"line":172},"5":{"loc":{"start":{"line":184,"column":4},"end":{"line":187,"column":5}},"type":"if","locations":[{"start":{"line":184,"column":4},"end":{"line":187,"column":5}},{"start":{},"end":{}}],"line":184},"6":{"loc":{"start":{"line":199,"column":4},"end":{"line":199,"column":39}},"type":"if","locations":[{"start":{"line":199,"column":4},"end":{"line":199,"column":39}},{"start":{},"end":{}}],"line":199}},"s":{"0":2,"1":2,"2":555,"3":555,"4":555,"5":15,"6":1,"7":1,"8":1,"9":1,"10":1,"11":1,"12":2,"13":22,"14":22,"15":22,"16":22,"17":22,"18":22,"19":22,"20":22,"21":22,"22":0,"23":0,"24":0,"25":0,"26":0,"27":0,"28":0,"29":0,"30":0,"31":22,"32":22,"33":22,"34":0,"35":22,"36":22,"37":22,"38":22,"39":22,"40":22,"41":3,"42":22,"43":4,"44":4,"45":4,"46":4,"47":4,"48":22,"49":3,"50":1,"51":2,"52":2,"53":22,"54":1,"55":1,"56":1,"57":22,"58":3,"59":1,"60":1,"61":3,"62":22,"63":3,"64":3,"65":3,"66":3,"67":22,"68":3,"69":1,"70":2,"71":2,"72":22,"73":1,"74":1,"75":22,"76":330},"f":{"0":555,"1":15,"2":1,"3":1,"4":22,"5":0,"6":22,"7":22,"8":3,"9":4,"10":3,"11":1,"12":3,"13":3,"14":3,"15":1,"16":330},"b":{"0":[0,0],"1":[0,0],"2":[0,0],"3":[0,22],"4":[1,2],"5":[1,2],"6":[1,2]},"_coverageSchema":"1a1c01bbd47fc00a2c39e90264f33305004495a9","hash":"5131c13dc2d7605e097cae1a3479f9f0d4842176"}
}
