TN:
SF:src\components\ExplorePage.jsx
FN:137,ExplorePage
FN:141,(anonymous_1)
FN:152,(anonymous_2)
FN:170,(anonymous_3)
FN:226,(anonymous_4)
FN:233,(anonymous_5)
FN:237,(anonymous_6)
FNF:7
FNH:7
FNDA:25,ExplorePage
FNDA:25,(anonymous_1)
FNDA:1,(anonymous_2)
FNDA:1,(anonymous_3)
FNDA:384,(anonymous_4)
FNDA:1,(anonymous_5)
FNDA:1,(anonymous_6)
DA:5,1
DA:131,1
DA:138,25
DA:139,25
DA:141,25
DA:142,25
DA:145,25
DA:147,25
DA:148,2
DA:152,1
DA:162,23
DA:164,23
DA:170,1
DA:227,384
DA:234,1
DA:238,1
LF:16
LH:16
BRDA:147,0,0,2
BRDA:147,0,1,23
BRF:2
BRH:2
end_of_record
TN:
SF:src\components\RegisterPage.jsx
FN:9,(anonymous_0)
FN:30,(anonymous_1)
FN:34,(anonymous_2)
FN:44,(anonymous_3)
FN:109,(anonymous_4)
FN:113,(anonymous_5)
FN:123,HackathonRegisterPage
FN:142,(anonymous_7)
FN:143,(anonymous_8)
FN:144,(anonymous_9)
FN:147,(anonymous_10)
FN:150,(anonymous_11)
FN:153,(anonymous_12)
FN:155,(anonymous_13)
FN:158,(anonymous_14)
FN:159,(anonymous_15)
FN:161,(anonymous_16)
FN:165,(anonymous_17)
FN:178,(anonymous_18)
FN:191,(anonymous_19)
FN:196,(anonymous_20)
FN:199,(anonymous_21)
FN:202,(anonymous_22)
FN:205,(anonymous_23)
FN:220,(anonymous_24)
FN:222,(anonymous_25)
FN:225,(anonymous_26)
FN:251,(anonymous_27)
FN:255,(anonymous_28)
FN:336,(anonymous_29)
FN:370,(anonymous_30)
FN:379,(anonymous_31)
FN:394,(anonymous_32)
FN:403,(anonymous_33)
FN:412,(anonymous_34)
FN:424,(anonymous_35)
FN:447,(anonymous_36)
FN:460,(anonymous_37)
FN:473,(anonymous_38)
FN:508,(anonymous_39)
FN:515,(anonymous_40)
FN:527,(anonymous_41)
FN:603,(anonymous_42)
FN:606,(anonymous_43)
FN:607,(anonymous_44)
FN:632,(anonymous_45)
FN:684,(anonymous_46)
FN:825,(anonymous_47)
FN:829,(anonymous_48)
FN:848,(anonymous_49)
FN:852,(anonymous_50)
FN:870,(anonymous_51)
FN:874,(anonymous_52)
FNF:53
FNH:48
FNDA:351,(anonymous_0)
FNDA:1,(anonymous_1)
FNDA:1,(anonymous_2)
FNDA:4,(anonymous_3)
FNDA:1,(anonymous_4)
FNDA:1,(anonymous_5)
FNDA:151,HackathonRegisterPage
FNDA:64,(anonymous_7)
FNDA:64,(anonymous_8)
FNDA:64,(anonymous_9)
FNDA:2,(anonymous_10)
FNDA:2,(anonymous_11)
FNDA:2,(anonymous_12)
FNDA:2,(anonymous_13)
FNDA:1,(anonymous_14)
FNDA:1,(anonymous_15)
FNDA:2,(anonymous_16)
FNDA:37,(anonymous_17)
FNDA:1,(anonymous_18)
FNDA:33,(anonymous_19)
FNDA:23,(anonymous_20)
FNDA:2,(anonymous_21)
FNDA:1,(anonymous_22)
FNDA:4,(anonymous_23)
FNDA:54,(anonymous_24)
FNDA:62,(anonymous_25)
FNDA:147,(anonymous_26)
FNDA:86,(anonymous_27)
FNDA:18,(anonymous_28)
FNDA:258,(anonymous_29)
FNDA:6,(anonymous_30)
FNDA:13,(anonymous_31)
FNDA:13,(anonymous_32)
FNDA:13,(anonymous_33)
FNDA:13,(anonymous_34)
FNDA:14,(anonymous_35)
FNDA:1,(anonymous_36)
FNDA:1,(anonymous_37)
FNDA:1,(anonymous_38)
FNDA:3,(anonymous_39)
FNDA:65,(anonymous_40)
FNDA:3,(anonymous_41)
FNDA:0,(anonymous_42)
FNDA:1,(anonymous_43)
FNDA:1,(anonymous_44)
FNDA:1,(anonymous_45)
FNDA:527,(anonymous_46)
FNDA:0,(anonymous_47)
FNDA:0,(anonymous_48)
FNDA:1,(anonymous_49)
FNDA:1,(anonymous_50)
FNDA:0,(anonymous_51)
FNDA:0,(anonymous_52)
DA:7,1
DA:9,1
DA:10,351
DA:31,1
DA:32,1
DA:35,1
DA:36,1
DA:44,1
DA:45,4
DA:110,1
DA:111,1
DA:114,1
DA:115,1
DA:124,151
DA:125,151
DA:126,151
DA:127,151
DA:128,151
DA:129,151
DA:131,151
DA:142,151
DA:143,64
DA:144,64
DA:147,151
DA:148,2
DA:149,2
DA:150,2
DA:153,151
DA:154,2
DA:155,2
DA:158,151
DA:159,1
DA:161,2
DA:165,151
DA:166,37
DA:167,37
DA:168,1
DA:169,37
DA:170,14
DA:171,14
DA:172,14
DA:173,14
DA:174,13
DA:175,14
DA:177,37
DA:178,1
DA:179,1
DA:180,1
DA:181,0
DA:184,37
DA:185,4
DA:186,4
DA:188,37
DA:191,151
DA:192,33
DA:193,33
DA:194,29
DA:195,29
DA:196,23
DA:199,151
DA:200,2
DA:201,2
DA:202,1
DA:205,151
DA:206,4
DA:207,4
DA:208,3
DA:211,151
DA:215,151
DA:219,151
DA:220,54
DA:222,62
DA:225,151
DA:227,147
DA:252,86
DA:255,18
DA:337,258
DA:362,104
DA:370,6
DA:379,13
DA:394,13
DA:403,13
DA:412,13
DA:419,25
DA:425,14
DA:447,1
DA:460,1
DA:473,1
DA:500,13
DA:508,3
DA:516,65
DA:527,3
DA:541,151
DA:603,0
DA:606,1
DA:607,1
DA:632,1
DA:685,527
DA:826,0
DA:827,0
DA:830,0
DA:831,0
DA:849,1
DA:850,1
DA:853,1
DA:854,1
DA:871,0
DA:872,0
DA:875,0
DA:876,0
LF:110
LH:100
BRDA:9,0,0,195
BRDA:26,1,0,173
BRDA:26,1,1,178
BRDA:28,2,0,173
BRDA:28,2,1,178
BRDA:35,3,0,0
BRDA:35,3,1,1
BRDA:36,4,0,0
BRDA:36,4,1,1
BRDA:39,5,0,351
BRDA:39,5,1,6
BRDA:154,6,0,2
BRDA:154,6,1,0
BRDA:167,7,0,1
BRDA:167,7,1,36
BRDA:167,8,0,37
BRDA:167,8,1,18
BRDA:169,9,0,14
BRDA:169,9,1,23
BRDA:170,10,0,1
BRDA:170,10,1,13
BRDA:170,11,0,14
BRDA:170,11,1,7
BRDA:171,12,0,1
BRDA:171,12,1,13
BRDA:172,13,0,1
BRDA:172,13,1,13
BRDA:173,14,0,1
BRDA:173,14,1,13
BRDA:174,15,0,1
BRDA:174,15,1,12
BRDA:175,16,0,1
BRDA:175,16,1,13
BRDA:177,17,0,1
BRDA:177,17,1,36
BRDA:177,18,0,37
BRDA:177,18,1,1
BRDA:179,19,0,1
BRDA:179,19,1,0
BRDA:180,20,0,1
BRDA:180,20,1,0
BRDA:181,21,0,0
BRDA:181,21,1,0
BRDA:184,22,0,4
BRDA:184,22,1,33
BRDA:185,23,0,1
BRDA:185,23,1,3
BRDA:186,24,0,1
BRDA:186,24,1,3
BRDA:193,25,0,4
BRDA:193,25,1,29
BRDA:195,26,0,6
BRDA:195,26,1,23
BRDA:195,27,0,29
BRDA:195,27,1,12
BRDA:201,28,0,1
BRDA:201,28,1,1
BRDA:201,29,0,2
BRDA:201,29,1,1
BRDA:207,30,0,1
BRDA:207,30,1,3
BRDA:211,31,0,65
BRDA:211,31,1,86
BRDA:215,32,0,65
BRDA:215,32,1,86
BRDA:216,33,0,9
BRDA:216,33,1,56
BRDA:216,34,0,39
BRDA:216,34,1,17
BRDA:220,35,0,52
BRDA:220,35,1,2
BRDA:222,36,0,58
BRDA:222,36,1,4
BRDA:227,37,0,43
BRDA:227,37,1,104
BRDA:232,38,0,43
BRDA:232,38,1,1
BRDA:258,39,0,18
BRDA:258,39,1,68
BRDA:261,40,0,18
BRDA:261,40,1,68
BRDA:264,41,0,18
BRDA:264,41,1,68
BRDA:267,42,0,18
BRDA:267,42,1,68
BRDA:271,43,0,86
BRDA:271,43,1,18
BRDA:285,44,0,18
BRDA:285,44,1,68
BRDA:288,45,0,18
BRDA:288,45,1,68
BRDA:297,46,0,18
BRDA:297,46,1,68
BRDA:307,47,0,18
BRDA:307,47,1,68
BRDA:322,48,0,18
BRDA:322,48,1,68
BRDA:323,49,0,18
BRDA:323,49,1,68
BRDA:326,50,0,86
BRDA:326,50,1,18
BRDA:341,51,0,54
BRDA:341,51,1,204
BRDA:344,52,0,54
BRDA:344,52,1,204
BRDA:345,53,0,54
BRDA:345,53,1,204
BRDA:362,54,0,79
BRDA:362,54,1,25
BRDA:364,55,0,79
BRDA:364,55,1,40
BRDA:387,56,0,40
BRDA:387,56,1,39
BRDA:419,57,0,12
BRDA:419,57,1,13
BRDA:444,58,0,14
BRDA:444,58,1,4
BRDA:466,59,0,14
BRDA:466,59,1,1
BRDA:479,60,0,14
BRDA:479,60,1,1
BRDA:484,61,0,12
BRDA:484,61,1,12
BRDA:500,62,0,13
BRDA:500,62,1,0
BRDA:512,63,0,6
BRDA:512,63,1,7
BRDA:519,64,0,13
BRDA:519,64,1,1
BRDA:533,65,0,3
BRDA:533,65,1,10
BRDA:535,66,0,13
BRDA:535,66,1,1
BRDA:593,67,0,151
BRDA:593,67,1,147
BRDA:631,68,0,4
BRDA:631,68,1,147
BRDA:691,69,0,147
BRDA:691,69,1,380
BRDA:692,70,0,129
BRDA:692,70,1,251
BRDA:701,71,0,129
BRDA:701,71,1,398
BRDA:703,72,0,147
BRDA:703,72,1,251
BRDA:706,73,0,276
BRDA:706,73,1,251
BRDA:709,74,0,147
BRDA:709,74,1,380
BRDA:711,75,0,129
BRDA:711,75,1,251
BRDA:714,76,0,276
BRDA:714,76,1,251
BRDA:717,77,0,129
BRDA:717,77,1,398
BRDA:729,78,0,147
BRDA:729,78,1,380
BRDA:730,79,0,129
BRDA:730,79,1,251
BRDA:738,80,0,276
BRDA:738,80,1,251
BRDA:813,81,0,104
BRDA:813,81,1,43
BRDA:814,82,0,147
BRDA:814,82,1,104
BRDA:838,83,0,134
BRDA:838,83,1,13
BRF:167
BRH:159
end_of_record
TN:
SF:src\components\ThemesSection.jsx
FN:48,(anonymous_0)
FN:91,(anonymous_1)
FN:99,(anonymous_2)
FN:105,(anonymous_3)
FN:119,(anonymous_4)
FN:131,(anonymous_5)
FN:147,(anonymous_6)
FN:156,(anonymous_7)
FN:159,(anonymous_8)
FN:163,(anonymous_9)
FN:171,(anonymous_10)
FN:177,(anonymous_11)
FN:183,(anonymous_12)
FN:191,(anonymous_13)
FN:198,(anonymous_14)
FN:204,(anonymous_15)
FN:243,(anonymous_16)
FNF:17
FNH:16
FNDA:555,(anonymous_0)
FNDA:15,(anonymous_1)
FNDA:1,(anonymous_2)
FNDA:1,(anonymous_3)
FNDA:22,(anonymous_4)
FNDA:0,(anonymous_5)
FNDA:22,(anonymous_6)
FNDA:22,(anonymous_7)
FNDA:3,(anonymous_8)
FNDA:4,(anonymous_9)
FNDA:3,(anonymous_10)
FNDA:1,(anonymous_11)
FNDA:3,(anonymous_12)
FNDA:3,(anonymous_13)
FNDA:3,(anonymous_14)
FNDA:1,(anonymous_15)
FNDA:330,(anonymous_16)
DA:5,2
DA:48,2
DA:49,555
DA:50,555
DA:52,555
DA:91,15
DA:100,1
DA:102,1
DA:103,1
DA:106,1
DA:107,1
DA:108,1
DA:119,2
DA:120,22
DA:121,22
DA:122,22
DA:123,22
DA:125,22
DA:126,22
DA:127,22
DA:129,22
DA:131,22
DA:132,0
DA:133,0
DA:135,0
DA:136,0
DA:137,0
DA:139,0
DA:140,0
DA:144,0
DA:147,22
DA:148,22
DA:149,22
DA:151,22
DA:152,22
DA:154,22
DA:156,22
DA:159,22
DA:160,3
DA:163,22
DA:164,4
DA:165,4
DA:166,4
DA:167,4
DA:168,4
DA:171,22
DA:172,3
DA:173,2
DA:174,2
DA:177,22
DA:178,1
DA:179,1
DA:180,1
DA:183,22
DA:184,3
DA:185,1
DA:186,1
DA:188,3
DA:191,22
DA:192,3
DA:193,3
DA:194,3
DA:195,3
DA:198,22
DA:199,3
DA:200,2
DA:201,2
DA:204,22
DA:205,1
DA:206,1
DA:209,22
DA:244,330
LF:72
LH:64
BRDA:133,0,0,0
BRDA:133,0,1,0
BRDA:135,1,0,0
BRDA:135,1,1,0
BRDA:139,2,0,0
BRDA:139,2,1,0
BRDA:149,3,0,0
BRDA:149,3,1,22
BRDA:172,4,0,1
BRDA:172,4,1,2
BRDA:184,5,0,1
BRDA:184,5,1,2
BRDA:199,6,0,1
BRDA:199,6,1,2
BRF:14
BRH:7
end_of_record
